<?xml version="1.0" encoding="UTF-8"?>
<!-- Generated by org.testng.reporters.JUnitXMLReporter -->
<testsuite ignored="0" hostname="MT-5CD119LF0H" failures="1" tests="5" name="Test" time="168.005" errors="0" timestamp="2021-10-21T16:57:03 IST">
  <testcase classname="com.mindtree.Runner.BookRunner" name="validate" time="0.922"/>
  <testcase classname="com.mindtree.Runner.BookRunner" name="HomePage" time="45.864"/>
  <testcase classname="com.mindtree.Runner.BookRunner" name="dropDownSelector" time="13.883">
    <failure type="com.mindtree.exception.PageObjectException">
      <![CDATA[no such element: Unable to locate element: {"method":"xpath","selector":"//*[@id='product-quantity-select']"}
  (Session info: chrome=94.0.4606.81)
For documentation on this error, please visit: https://www.seleniumhq.org/exceptions/no_such_element.html
Build info: version: '3.141.59', revision: 'e82be7d358', time: '2018-11-14T08:17:03'
System info: host: 'MT-5CD119LF0H', ip: '192.168.81.200', os.name: 'Windows 10', os.arch: 'amd64', os.version: '10.0', java.version: '16.0.2'
Driver info: org.openqa.selenium.chrome.ChromeDriver
Capabilities {acceptInsecureCerts: false, browserName: chrome, browserVersion: 94.0.4606.81, chrome: {chromedriverVersion: 94.0.4606.41 (333e85df3c9b6..., userDataDir: C:\Users\M1074035\AppData\L...}, goog:chromeOptions: {debuggerAddress: localhost:51186}, javascriptEnabled: true, networkConnectionEnabled: false, pageLoadStrategy: normal, platform: WINDOWS, platformName: WINDOWS, proxy: Proxy(), setWindowRect: true, strictFileInteractability: false, timeouts: {implicit: 0, pageLoad: 300000, script: 30000}, unhandledPromptBehavior: dismiss and notify, webauthn:extension:credBlob: true, webauthn:extension:largeBlob: true, webauthn:virtualAuthenticators: true}
Session ID: 08a0d7d760a0a3d77fc7907b3ae3c7dc
*** Element info: {Using=xpath, value=//*[@id='product-quantity-select']}
at com.mindtree.pageobject.CartPage.addToCart(CartPage.java:33)
at com.mindtree.Runner.BookRunner.dropDownSelector(BookRunner.java:69)
at java.base/java.util.ArrayList.forEach(ArrayList.java:1511)
... Removed 27 stack frames]]>
    </failure>
  </testcase> <!-- dropDownSelector -->
  <testcase classname="com.mindtree.Runner.BookRunner" name="searchBook" time="38.266"/>
  <testcase classname="com.mindtree.Runner.BookRunner" name="mobileCover" time="44.165"/>
</testsuite> <!-- Test -->
