<?xml version="1.0" encoding="UTF-8"?>
<!-- Generated by org.testng.reporters.JUnitXMLReporter -->
<testsuite ignored="0" hostname="MT-5CD119LF0H" failures="0" tests="5" name="Test" time="175.685" errors="0" timestamp="2021-10-31T14:05:45 IST">
  <testcase classname="com.mindtree.Runner.BookRunner" name="validate" time="0.786"/>
  <testcase classname="com.mindtree.Runner.BookRunner" name="HomePage" time="38.443"/>
  <testcase classname="com.mindtree.Runner.BookRunner" name="dropDownSelector" time="45.384"/>
  <testcase classname="com.mindtree.Runner.BookRunner" name="searchBook" time="28.794"/>
  <testcase classname="com.mindtree.Runner.BookRunner" name="mobileCover" time="32.909"/>
</testsuite> <!-- Test -->
