<?xml version="1.0" encoding="UTF-8"?>
<testng-results ignored="0" total="5" passed="5" failed="0" skipped="0">
  <reporter-output>
  </reporter-output>
  <suite started-at="2021-10-31T14:02:50 IST" name="Suite" finished-at="2021-10-31T14:05:45 IST" duration-ms="175685">
    <groups>
    </groups>
    <test started-at="2021-10-31T14:02:50 IST" name="Test" finished-at="2021-10-31T14:05:45 IST" duration-ms="175685">
      <class name="com.mindtree.Runner.BookRunner">
        <test-method is-config="true" signature="initilize()[pri:0, instance:com.mindtree.Runner.BookRunner@313b2ea6]" started-at="2021-10-31T14:02:50 IST" name="initilize" finished-at="2021-10-31T14:03:16 IST" duration-ms="26564" status="PASS">
          <reporter-output>
          </reporter-output>
        </test-method> <!-- initilize -->
        <test-method signature="validate()[pri:1, instance:com.mindtree.Runner.BookRunner@313b2ea6]" started-at="2021-10-31T14:03:16 IST" name="validate" finished-at="2021-10-31T14:03:17 IST" duration-ms="786" status="PASS">
          <reporter-output>
          </reporter-output>
        </test-method> <!-- validate -->
        <test-method signature="HomePage(java.lang.String, java.lang.String, java.lang.String, java.lang.String)[pri:2, instance:com.mindtree.Runner.BookRunner@313b2ea6]" started-at="2021-10-31T14:03:17 IST" name="HomePage" data-provider="homepage" finished-at="2021-10-31T14:03:56 IST" duration-ms="38443" status="PASS">
          <params>
            <param index="0">
              <value>
                <![CDATA[KARMABHUMI]]>
              </value>
            </param>
            <param index="1">
              <value>
                <![CDATA[Premchand]]>
              </value>
            </param>
            <param index="2">
              <value>
                <![CDATA[English]]>
              </value>
            </param>
            <param index="3">
              <value>
                <![CDATA[3]]>
              </value>
            </param>
          </params>
          <reporter-output>
          </reporter-output>
        </test-method> <!-- HomePage -->
        <test-method signature="dropDownSelector(java.lang.String, java.lang.String, java.lang.String, java.lang.String, java.lang.String)[pri:3, instance:com.mindtree.Runner.BookRunner@313b2ea6]" started-at="2021-10-31T14:03:56 IST" name="dropDownSelector" data-provider="dropdown" finished-at="2021-10-31T14:04:41 IST" duration-ms="45384" status="PASS">
          <params>
            <param index="0">
              <value>
                <![CDATA[The Lost Symbol, Inferno & Origin (Set of 3 Dan Brown Combo Hardcover Edition)]]>
              </value>
            </param>
            <param index="1">
              <value>
                <![CDATA[Books Combo]]>
              </value>
            </param>
            <param index="2">
              <value>
                <![CDATA[Dan Brown]]>
              </value>
            </param>
            <param index="3">
              <value>
                <![CDATA[English]]>
              </value>
            </param>
            <param index="4">
              <value>
                <![CDATA[2]]>
              </value>
            </param>
          </params>
          <reporter-output>
          </reporter-output>
        </test-method> <!-- dropDownSelector -->
        <test-method signature="searchBook(java.lang.String, java.lang.String)[pri:4, instance:com.mindtree.Runner.BookRunner@313b2ea6]" started-at="2021-10-31T14:04:41 IST" name="searchBook" data-provider="search" finished-at="2021-10-31T14:05:10 IST" duration-ms="28794" status="PASS">
          <params>
            <param index="0">
              <value>
                <![CDATA[Wings of Fire]]>
              </value>
            </param>
            <param index="1">
              <value>
                <![CDATA[4]]>
              </value>
            </param>
          </params>
          <reporter-output>
          </reporter-output>
        </test-method> <!-- searchBook -->
        <test-method signature="mobileCover(java.lang.String, java.lang.String, java.lang.String)[pri:5, instance:com.mindtree.Runner.BookRunner@313b2ea6]" started-at="2021-10-31T14:05:10 IST" name="mobileCover" data-provider="cover" finished-at="2021-10-31T14:05:43 IST" duration-ms="32909" status="PASS">
          <params>
            <param index="0">
              <value>
                <![CDATA[Apple]]>
              </value>
            </param>
            <param index="1">
              <value>
                <![CDATA[iPhone 11]]>
              </value>
            </param>
            <param index="2">
              <value>
                <![CDATA[2]]>
              </value>
            </param>
          </params>
          <reporter-output>
          </reporter-output>
        </test-method> <!-- mobileCover -->
        <test-method is-config="true" signature="terminate()[pri:0, instance:com.mindtree.Runner.BookRunner@313b2ea6]" started-at="2021-10-31T14:05:43 IST" name="terminate" finished-at="2021-10-31T14:05:45 IST" duration-ms="2745" status="PASS">
          <reporter-output>
          </reporter-output>
        </test-method> <!-- terminate -->
      </class> <!-- com.mindtree.Runner.BookRunner -->
    </test> <!-- Test -->
  </suite> <!-- Suite -->
</testng-results>
