<?xml version="1.0" encoding="UTF-8"?>
<testsuite xmlns:xsi="http://www.w3.org/2001/XMLSchema-instance" xsi:noNamespaceSchemaLocation="https://maven.apache.org/surefire/maven-surefire-plugin/xsd/surefire-test-report-3.0.xsd" version="3.0" name="TestSuite" time="177.066" tests="5" errors="0" skipped="0" failures="0">
  <properties>
[...]
</properties>
  <testcase name="validate" classname="com.mindtree.Runner.BookRunner" time="0.769">
    <system-out><![CDATA[10-31-2021 14:03:15 ExtentLogUtilities.java DEBUG [main] Runner.BookRunner 14 - URL Opened
10-31-2021 14:03:16 _Log4jLoggerFactory.java DEBUG [main] freemarker.cache 45 - Couldn't find template in cache for "Extent.ftl"("en_US", UTF-8, parsed); will try to load it.
10-31-2021 14:03:16 _Log4jLoggerFactory.java DEBUG [main] freemarker.cache 45 - TemplateLoader.findTemplateSource("Extent_en_US.ftl"): Not found
10-31-2021 14:03:16 _Log4jLoggerFactory.java DEBUG [main] freemarker.cache 45 - TemplateLoader.findTemplateSource("Extent_en.ftl"): Not found
10-31-2021 14:03:16 _Log4jLoggerFactory.java DEBUG [main] freemarker.cache 45 - TemplateLoader.findTemplateSource("Extent.ftl"): Found
10-31-2021 14:03:16 _Log4jLoggerFactory.java DEBUG [main] freemarker.cache 45 - Loading template for "Extent.ftl"("en_US", UTF-8, parsed) from "jar:file:/C:/Users/M1074035/.m2/repository/com/relevantcodes/extentreports/2.41.2/extentreports-2.41.2.jar!/com/relevantcodes/extentreports/view/Extent.ftl"
10-31-2021 14:03:16 ExtentLogUtilities.java DEBUG [main] Runner.BookRunner 14 - Page opend with title India's Best Online Store | Free Shipping | eLocalshop
10-31-2021 14:03:17 _Log4jLoggerFactory.java DEBUG [main] freemarker.cache 45 - Couldn't find template in cache for "Extent.ftl"("en_US", UTF-8, parsed); will try to load it.
10-31-2021 14:03:17 _Log4jLoggerFactory.java DEBUG [main] freemarker.cache 45 - TemplateLoader.findTemplateSource("Extent_en_US.ftl"): Not found
10-31-2021 14:03:17 _Log4jLoggerFactory.java DEBUG [main] freemarker.cache 45 - TemplateLoader.findTemplateSource("Extent_en.ftl"): Not found
10-31-2021 14:03:17 _Log4jLoggerFactory.java DEBUG [main] freemarker.cache 45 - TemplateLoader.findTemplateSource("Extent.ftl"): Found
10-31-2021 14:03:17 _Log4jLoggerFactory.java DEBUG [main] freemarker.cache 45 - Loading template for "Extent.ftl"("en_US", UTF-8, parsed) from "jar:file:/C:/Users/M1074035/.m2/repository/com/relevantcodes/extentreports/2.41.2/extentreports-2.41.2.jar!/com/relevantcodes/extentreports/view/Extent.ftl"
]]></system-out>
    <system-err><![CDATA[log4j:WARN No such property [maxBackupIndex] in com.mindtree.utilities.Log.
log4j:WARN No such property [maxFileSize] in com.mindtree.utilities.Log.
Starting ChromeDriver 94.0.4606.41 (333e85df3c9b656b518b5f1add5ff246365b6c24-refs/branch-heads/4606@{#845}) on port 26787
Only local connections are allowed.
Please see https://chromedriver.chromium.org/security-considerations for suggestions on keeping ChromeDriver safe.
ChromeDriver was started successfully.
[1635669178.111][WARNING]: This version of ChromeDriver has not been tested with Chrome version 95.
Oct 31, 2021 2:02:58 PM org.openqa.selenium.remote.ProtocolHandshake createSession
INFO: Detected dialect: W3C
]]></system-err>
  </testcase>
  <testcase name="HomePage[KARMABHUMI, Premchand, English, 3](1)" classname="com.mindtree.Runner.BookRunner" time="38.449">
    <system-out><![CDATA[10-31-2021 14:03:20 ExtentLogUtilities.java DEBUG [main] Runner.BookRunner 14 - Hindi Book is clicked in page Home page
10-31-2021 14:03:24 ExtentLogUtilities.java DEBUG [main] Runner.BookRunner 14 - More Authors is clicked in page Home page
Burke Hedges
Cass R. Sunstein
Daniel Kahneman
Deepak Bajaj
Gaur Gopal Das
John C. Maxwell
Joseph Murphy
Kenneth H. Blanchard
Napoleon Hill
Olivier Sibony
Phil Knight
Sheryl Sandberg
Shiv Khera
Stephen R. Covey
Sudhir Dixit
Sudhir Dixit (Translator)
Spencer Johnson
English
English
10-31-2021 14:03:27 ExtentLogUtilities.java DEBUG [main] Runner.BookRunner 14 - English is clicked in page Hindi Books Page
KARMABHUMI
True
10-31-2021 14:03:48 ExtentLogUtilities.java DEBUG [main] Runner.BookRunner 14 - Book Name is clicked in page Hindi Books Page
10-31-2021 14:03:52 ExtentLogUtilities.java DEBUG [main] Runner.BookRunner 14 - Add To Cart is clicked in page Cart Page
10-31-2021 14:03:55 _Log4jLoggerFactory.java DEBUG [main] freemarker.cache 45 - Couldn't find template in cache for "Extent.ftl"("en_US", UTF-8, parsed); will try to load it.
10-31-2021 14:03:55 _Log4jLoggerFactory.java DEBUG [main] freemarker.cache 45 - TemplateLoader.findTemplateSource("Extent_en_US.ftl"): Not found
10-31-2021 14:03:55 _Log4jLoggerFactory.java DEBUG [main] freemarker.cache 45 - TemplateLoader.findTemplateSource("Extent_en.ftl"): Not found
10-31-2021 14:03:55 _Log4jLoggerFactory.java DEBUG [main] freemarker.cache 45 - TemplateLoader.findTemplateSource("Extent.ftl"): Found
10-31-2021 14:03:55 _Log4jLoggerFactory.java DEBUG [main] freemarker.cache 45 - Loading template for "Extent.ftl"("en_US", UTF-8, parsed) from "jar:file:/C:/Users/M1074035/.m2/repository/com/relevantcodes/extentreports/2.41.2/extentreports-2.41.2.jar!/com/relevantcodes/extentreports/view/Extent.ftl"
]]></system-out>
  </testcase>
  <testcase name="dropDownSelector[The Lost Symbol, Inferno &amp; Origin (Set of 3 Dan Brown Combo Hardcover Edition), Books Combo, Dan Brown, English, 2](1)" classname="com.mindtree.Runner.BookRunner" time="45.388">
    <system-out><![CDATA[42
NCERT BOOKS
Books Combo
10-31-2021 14:04:07 ExtentLogUtilities.java DEBUG [main] Runner.BookRunner 14 - Books Combo is clicked in page Home Page
Dan Brown
10-31-2021 14:04:10 ExtentLogUtilities.java DEBUG [main] Runner.BookRunner 14 - Author is clicked in page Books Combo page
English
10-31-2021 14:04:17 ExtentLogUtilities.java DEBUG [main] Runner.BookRunner 14 - Author is clicked in page Books Combo page
The Lost Symbol, Inferno & Origin (Set of 3 Dan Brown Combo Hardcover Edition)
10-31-2021 14:04:31 ExtentLogUtilities.java DEBUG [main] Runner.BookRunner 14 - The Lost Symbol, Inferno & Origin (Set of 3 Dan Brown Combo Hardcover Edition) is clicked in page Books Combo page
10-31-2021 14:04:33 ExtentLogUtilities.java DEBUG [main] Runner.BookRunner 14 - Add To Cart is clicked in page Cart Page
10-31-2021 14:04:41 _Log4jLoggerFactory.java DEBUG [main] freemarker.cache 45 - Couldn't find template in cache for "Extent.ftl"("en_US", UTF-8, parsed); will try to load it.
10-31-2021 14:04:41 _Log4jLoggerFactory.java DEBUG [main] freemarker.cache 45 - TemplateLoader.findTemplateSource("Extent_en_US.ftl"): Not found
10-31-2021 14:04:41 _Log4jLoggerFactory.java DEBUG [main] freemarker.cache 45 - TemplateLoader.findTemplateSource("Extent_en.ftl"): Not found
10-31-2021 14:04:41 _Log4jLoggerFactory.java DEBUG [main] freemarker.cache 45 - TemplateLoader.findTemplateSource("Extent.ftl"): Found
10-31-2021 14:04:41 _Log4jLoggerFactory.java DEBUG [main] freemarker.cache 45 - Loading template for "Extent.ftl"("en_US", UTF-8, parsed) from "jar:file:/C:/Users/M1074035/.m2/repository/com/relevantcodes/extentreports/2.41.2/extentreports-2.41.2.jar!/com/relevantcodes/extentreports/view/Extent.ftl"
]]></system-out>
  </testcase>
  <testcase name="searchBook[Wings of Fire, 4](1)" classname="com.mindtree.Runner.BookRunner" time="28.792">
    <system-out><![CDATA[10-31-2021 14:04:41 ExtentLogUtilities.java DEBUG [main] Runner.BookRunner 14 - Search Box is send in page Home Page
10-31-2021 14:04:47 ExtentLogUtilities.java DEBUG [main] Runner.BookRunner 14 - Search Button is clicked in page Home Page
Wings of Fire: An Autobiography of Abdul Kalam (Paperback)
10-31-2021 14:04:58 ExtentLogUtilities.java DEBUG [main] Runner.BookRunner 14 - Wings of Fire is clicked in page Search Page
10-31-2021 14:05:02 ExtentLogUtilities.java DEBUG [main] Runner.BookRunner 14 - Add To Cart is clicked in page Cart Page
10-31-2021 14:05:10 _Log4jLoggerFactory.java DEBUG [main] freemarker.cache 45 - Couldn't find template in cache for "Extent.ftl"("en_US", UTF-8, parsed); will try to load it.
10-31-2021 14:05:10 _Log4jLoggerFactory.java DEBUG [main] freemarker.cache 45 - TemplateLoader.findTemplateSource("Extent_en_US.ftl"): Not found
10-31-2021 14:05:10 _Log4jLoggerFactory.java DEBUG [main] freemarker.cache 45 - TemplateLoader.findTemplateSource("Extent_en.ftl"): Not found
10-31-2021 14:05:10 _Log4jLoggerFactory.java DEBUG [main] freemarker.cache 45 - TemplateLoader.findTemplateSource("Extent.ftl"): Found
10-31-2021 14:05:10 _Log4jLoggerFactory.java DEBUG [main] freemarker.cache 45 - Loading template for "Extent.ftl"("en_US", UTF-8, parsed) from "jar:file:/C:/Users/M1074035/.m2/repository/com/relevantcodes/extentreports/2.41.2/extentreports-2.41.2.jar!/com/relevantcodes/extentreports/view/Extent.ftl"
]]></system-out>
  </testcase>
  <testcase name="mobileCover[Apple, iPhone 11, 2](1)" classname="com.mindtree.Runner.BookRunner" time="32.91">
    <system-out><![CDATA[10-31-2021 14:05:16 ExtentLogUtilities.java DEBUG [main] Runner.BookRunner 14 - Mobile Cover is clicked in page Home Page
10-31-2021 14:05:22 ExtentLogUtilities.java DEBUG [main] Runner.BookRunner 14 - Apple is clicked in page Mobile Cover
1
10-31-2021 14:05:27 ExtentLogUtilities.java DEBUG [main] Runner.BookRunner 14 - iPhone 11 is clicked in page Model Page
10-31-2021 14:05:38 ExtentLogUtilities.java DEBUG [main] Runner.BookRunner 14 - Korean Love Sign iPhone 11 Back Cover is clicked in page Cover Page
10-31-2021 14:05:40 ExtentLogUtilities.java DEBUG [main] Runner.BookRunner 14 - Add To Cart is clicked in page Cart Page
10-31-2021 14:05:43 _Log4jLoggerFactory.java DEBUG [main] freemarker.cache 45 - Couldn't find template in cache for "Extent.ftl"("en_US", UTF-8, parsed); will try to load it.
10-31-2021 14:05:43 _Log4jLoggerFactory.java DEBUG [main] freemarker.cache 45 - TemplateLoader.findTemplateSource("Extent_en_US.ftl"): Not found
10-31-2021 14:05:43 _Log4jLoggerFactory.java DEBUG [main] freemarker.cache 45 - TemplateLoader.findTemplateSource("Extent_en.ftl"): Not found
10-31-2021 14:05:43 _Log4jLoggerFactory.java DEBUG [main] freemarker.cache 45 - TemplateLoader.findTemplateSource("Extent.ftl"): Found
10-31-2021 14:05:43 _Log4jLoggerFactory.java DEBUG [main] freemarker.cache 45 - Loading template for "Extent.ftl"("en_US", UTF-8, parsed) from "jar:file:/C:/Users/M1074035/.m2/repository/com/relevantcodes/extentreports/2.41.2/extentreports-2.41.2.jar!/com/relevantcodes/extentreports/view/Extent.ftl"
]]></system-out>
  </testcase>
</testsuite>