<?xml version="1.0" encoding="UTF-8"?>
<!-- Generated by org.testng.reporters.JUnitReportReporter -->
<testsuite hostname="MT-5CD119LF0H" failures="0" tests="2" name="com.mindtree.Runner.FlightTicketsBook" time="95.792" errors="0" timestamp="2021-10-19T09:57:51 IST" skipped="0">
  <testcase classname="com.mindtree.Runner.FlightTicketsBook" name="validate" time="0.645"/>
  <system-out/>
  <testcase classname="com.mindtree.Runner.FlightTicketsBook" name="HomePage" time="95.147"/>
  <system-out/>
</testsuite> <!-- com.mindtree.Runner.FlightTicketsBook -->
