<?xml version="1.0" encoding="UTF-8"?>
<!-- Generated by org.testng.reporters.JUnitReportReporter -->
<testsuite hostname="MT-5CD119LF0H" failures="0" tests="5" name="com.mindtree.Runner.BookRunner" time="146.316" errors="0" timestamp="2021-10-31T14:05:46 IST" skipped="0">
  <testcase classname="com.mindtree.Runner.BookRunner" name="validate" time="0.786"/>
  <testcase classname="com.mindtree.Runner.BookRunner" name="HomePage" time="38.443"/>
  <testcase classname="com.mindtree.Runner.BookRunner" name="dropDownSelector" time="45.384"/>
  <testcase classname="com.mindtree.Runner.BookRunner" name="searchBook" time="28.794"/>
  <testcase classname="com.mindtree.Runner.BookRunner" name="mobileCover" time="32.909"/>
</testsuite> <!-- com.mindtree.Runner.BookRunner -->
